2018-11-15 10:15:41.234  INFO 4724 --- [main] site.binghai.App                         : Starting App on MacBook-Pro-9.local with PID 4724 (/Users/huaishuo/IdeaProjects/bomb/app/target/classes started by huaishuo in /Users/huaishuo/IdeaProjects/bomb)
2018-11-15 10:15:41.239  INFO 4724 --- [main] site.binghai.App                         : No active profile set, falling back to default profiles: default
2018-11-15 10:15:41.495  INFO 4724 --- [main] ConfigServletWebServerApplicationContext : Refreshing org.springframework.boot.web.servlet.context.AnnotationConfigServletWebServerApplicationContext@48ae9b55: startup date [Thu Nov 15 10:15:41 CST 2018]; root of context hierarchy
2018-11-15 10:15:42.453  INFO 4724 --- [main] trationDelegate$BeanPostProcessorChecker : Bean 'org.springframework.transaction.annotation.ProxyTransactionManagementConfiguration' of type [org.springframework.transaction.annotation.ProxyTransactionManagementConfiguration$$EnhancerBySpringCGLIB$$f6f5034d] is not eligible for getting processed by all BeanPostProcessors (for example: not eligible for auto-proxying)
2018-11-15 10:15:42.720  INFO 4724 --- [main] o.s.b.w.embedded.tomcat.TomcatWebServer  : Tomcat initialized with port(s): 8080 (http)
2018-11-15 10:15:42.743  INFO 4724 --- [main] o.apache.catalina.core.StandardService   : Starting service [Tomcat]
2018-11-15 10:15:42.743  INFO 4724 --- [main] org.apache.catalina.core.StandardEngine  : Starting Servlet Engine: Apache Tomcat/8.5.31
2018-11-15 10:15:42.747  INFO 4724 --- [localhost-startStop-1] o.a.catalina.core.AprLifecycleListener   : The APR based Apache Tomcat Native library which allows optimal performance in production environments was not found on the java.library.path: [/Users/huaishuo/Library/Java/Extensions:/Library/Java/Extensions:/Network/Library/Java/Extensions:/System/Library/Java/Extensions:/usr/lib/java:.]
2018-11-15 10:15:42.867  INFO 4724 --- [localhost-startStop-1] o.a.c.c.C.[Tomcat].[localhost].[/]       : Initializing Spring embedded WebApplicationContext
2018-11-15 10:15:42.867  INFO 4724 --- [localhost-startStop-1] o.s.web.context.ContextLoader            : Root WebApplicationContext: initialization completed in 1372 ms
2018-11-15 10:15:42.983  INFO 4724 --- [localhost-startStop-1] o.s.b.w.servlet.ServletRegistrationBean  : Servlet dispatcherServlet mapped to [/]
2018-11-15 10:15:42.988  INFO 4724 --- [localhost-startStop-1] o.s.b.w.servlet.FilterRegistrationBean   : Mapping filter: 'characterEncodingFilter' to: [/*]
2018-11-15 10:15:42.988  INFO 4724 --- [localhost-startStop-1] o.s.b.w.servlet.FilterRegistrationBean   : Mapping filter: 'hiddenHttpMethodFilter' to: [/*]
2018-11-15 10:15:42.988  INFO 4724 --- [localhost-startStop-1] o.s.b.w.servlet.FilterRegistrationBean   : Mapping filter: 'httpPutFormContentFilter' to: [/*]
2018-11-15 10:15:42.988  INFO 4724 --- [localhost-startStop-1] o.s.b.w.servlet.FilterRegistrationBean   : Mapping filter: 'requestContextFilter' to: [/*]
2018-11-15 10:15:43.131  INFO 4724 --- [main] com.zaxxer.hikari.HikariDataSource       : HikariPool-1 - Starting...
2018-11-15 10:15:43.584  INFO 4724 --- [main] com.zaxxer.hikari.HikariDataSource       : HikariPool-1 - Start completed.
2018-11-15 10:15:43.629  INFO 4724 --- [main] j.LocalContainerEntityManagerFactoryBean : Building JPA container EntityManagerFactory for persistence unit 'default'
2018-11-15 10:15:43.642  INFO 4724 --- [main] o.hibernate.jpa.internal.util.LogHelper  : HHH000204: Processing PersistenceUnitInfo [
	name: default
	...]
2018-11-15 10:15:43.719  INFO 4724 --- [main] org.hibernate.Version                    : HHH000412: Hibernate Core {5.2.17.Final}
2018-11-15 10:15:43.720  INFO 4724 --- [main] org.hibernate.cfg.Environment            : HHH000206: hibernate.properties not found
2018-11-15 10:15:43.762  INFO 4724 --- [main] o.hibernate.annotations.common.Version   : HCANN000001: Hibernate Commons Annotations {5.0.1.Final}
2018-11-15 10:15:43.886  INFO 4724 --- [main] org.hibernate.dialect.Dialect            : HHH000400: Using dialect: org.hibernate.dialect.MySQL5Dialect
2018-11-15 10:15:44.442  INFO 4724 --- [main] j.LocalContainerEntityManagerFactoryBean : Initialized JPA EntityManagerFactory for persistence unit 'default'
2018-11-15 10:15:44.899  INFO 4724 --- [main] o.s.w.s.handler.SimpleUrlHandlerMapping  : Mapped URL path [/**/favicon.ico] onto handler of type [class org.springframework.web.servlet.resource.ResourceHttpRequestHandler]
2018-11-15 10:15:45.119  INFO 4724 --- [main] s.w.s.m.m.a.RequestMappingHandlerAdapter : Looking for @ControllerAdvice: org.springframework.boot.web.servlet.context.AnnotationConfigServletWebServerApplicationContext@48ae9b55: startup date [Thu Nov 15 10:15:41 CST 2018]; root of context hierarchy
2018-11-15 10:15:45.151  WARN 4724 --- [main] aWebConfiguration$JpaWebMvcConfiguration : spring.jpa.open-in-view is enabled by default. Therefore, database queries may be performed during view rendering. Explicitly configure spring.jpa.open-in-view to disable this warning
2018-11-15 10:15:45.181  INFO 4724 --- [main] s.w.s.m.m.a.RequestMappingHandlerMapping : Mapped "{[/sql/test/readTables],methods=[GET]}" onto public java.lang.Object site.binghai.core.controller.SqlTest.readTables(java.lang.Long,java.lang.String)
2018-11-15 10:15:45.184  INFO 4724 --- [main] s.w.s.m.m.a.RequestMappingHandlerMapping : Mapped "{[/error]}" onto public org.springframework.http.ResponseEntity<java.util.Map<java.lang.String, java.lang.Object>> org.springframework.boot.autoconfigure.web.servlet.error.BasicErrorController.error(javax.servlet.http.HttpServletRequest)
2018-11-15 10:15:45.185  INFO 4724 --- [main] s.w.s.m.m.a.RequestMappingHandlerMapping : Mapped "{[/error],produces=[text/html]}" onto public org.springframework.web.servlet.ModelAndView org.springframework.boot.autoconfigure.web.servlet.error.BasicErrorController.errorHtml(javax.servlet.http.HttpServletRequest,javax.servlet.http.HttpServletResponse)
2018-11-15 10:15:45.209  INFO 4724 --- [main] o.s.w.s.handler.SimpleUrlHandlerMapping  : Mapped URL path [/webjars/**] onto handler of type [class org.springframework.web.servlet.resource.ResourceHttpRequestHandler]
2018-11-15 10:15:45.210  INFO 4724 --- [main] o.s.w.s.handler.SimpleUrlHandlerMapping  : Mapped URL path [/**] onto handler of type [class org.springframework.web.servlet.resource.ResourceHttpRequestHandler]
2018-11-15 10:15:45.258  WARN 4724 --- [main] ion$DefaultTemplateResolverConfiguration : Cannot find template location: classpath:/templates/ (please add some templates or check your Thymeleaf configuration)
2018-11-15 10:15:45.261  WARN 4724 --- [main] org.thymeleaf.templatemode.TemplateMode  : [THYMELEAF][main] Template Mode 'LEGACYHTML5' is deprecated. Using Template Mode 'HTML' instead.
2018-11-15 10:15:45.608  INFO 4724 --- [main] o.s.j.e.a.AnnotationMBeanExporter        : Registering beans for JMX exposure on startup
2018-11-15 10:15:45.610  INFO 4724 --- [main] o.s.j.e.a.AnnotationMBeanExporter        : Bean with name 'dataSource' has been autodetected for JMX exposure
2018-11-15 10:15:45.615  INFO 4724 --- [main] o.s.j.e.a.AnnotationMBeanExporter        : Located MBean 'dataSource': registering with JMX server as MBean [com.zaxxer.hikari:name=dataSource,type=HikariDataSource]
2018-11-15 10:15:45.662  INFO 4724 --- [main] o.s.b.w.embedded.tomcat.TomcatWebServer  : Tomcat started on port(s): 8080 (http) with context path ''
2018-11-15 10:15:45.666  INFO 4724 --- [main] site.binghai.App                         : Started App in 4.865 seconds (JVM running for 5.72)
2018-11-15 10:16:10.947  INFO 4724 --- [http-nio-8080-exec-1] o.a.c.c.C.[Tomcat].[localhost].[/]       : Initializing Spring FrameworkServlet 'dispatcherServlet'
2018-11-15 10:16:10.947  INFO 4724 --- [http-nio-8080-exec-1] o.s.web.servlet.DispatcherServlet        : FrameworkServlet 'dispatcherServlet': initialization started
2018-11-15 10:16:10.965  INFO 4724 --- [http-nio-8080-exec-1] o.s.web.servlet.DispatcherServlet        : FrameworkServlet 'dispatcherServlet': initialization completed in 18 ms
2018-11-15 10:16:11.052  INFO 4724 --- [http-nio-8080-exec-1] s.binghai.core.core.impl.ClientManager   : ConnConfig(id=1, driveType=MYSQL, host=127.0.0.1, port=3306, dbName=dayu, user=root, pass=binghaiadmin, extraCfg=null, coding=null, name=dayu) reload data at 2018-11-15 10:16:11
2018-11-15 10:16:18.388  INFO 4724 --- [http-nio-8080-exec-2] s.binghai.core.core.impl.ClientManager   : ConnConfig(id=1, driveType=MYSQL, host=127.0.0.1, port=3306, dbName=dayu, user=root, pass=binghaiadmin, extraCfg=null, coding=null, name=dayu) reload data at 2018-11-15 10:16:18
2018-11-15 10:49:02.866  INFO 4724 --- [Thread-13] ConfigServletWebServerApplicationContext : Closing org.springframework.boot.web.servlet.context.AnnotationConfigServletWebServerApplicationContext@48ae9b55: startup date [Thu Nov 15 10:15:41 CST 2018]; root of context hierarchy
2018-11-15 10:49:02.870  INFO 4724 --- [Thread-13] o.s.j.e.a.AnnotationMBeanExporter        : Unregistering JMX-exposed beans on shutdown
2018-11-15 10:49:02.870  INFO 4724 --- [Thread-13] o.s.j.e.a.AnnotationMBeanExporter        : Unregistering JMX-exposed beans
2018-11-15 10:49:02.872  INFO 4724 --- [Thread-13] j.LocalContainerEntityManagerFactoryBean : Closing JPA EntityManagerFactory for persistence unit 'default'
2018-11-15 10:49:02.872  INFO 4724 --- [Thread-13] com.zaxxer.hikari.HikariDataSource       : HikariPool-1 - Shutdown initiated...
2018-11-15 10:49:02.881  INFO 4724 --- [Thread-13] com.zaxxer.hikari.HikariDataSource       : HikariPool-1 - Shutdown completed.
2018-11-15 10:49:06.098  INFO 5048 --- [main] site.binghai.App                         : Starting App on MacBook-Pro-9.local with PID 5048 (/Users/huaishuo/IdeaProjects/bomb/app/target/classes started by huaishuo in /Users/huaishuo/IdeaProjects/bomb)
2018-11-15 10:49:06.101  INFO 5048 --- [main] site.binghai.App                         : No active profile set, falling back to default profiles: default
2018-11-15 10:49:06.379  INFO 5048 --- [main] ConfigServletWebServerApplicationContext : Refreshing org.springframework.boot.web.servlet.context.AnnotationConfigServletWebServerApplicationContext@1139b2f3: startup date [Thu Nov 15 10:49:06 CST 2018]; root of context hierarchy
2018-11-15 10:49:07.312  INFO 5048 --- [main] trationDelegate$BeanPostProcessorChecker : Bean 'org.springframework.transaction.annotation.ProxyTransactionManagementConfiguration' of type [org.springframework.transaction.annotation.ProxyTransactionManagementConfiguration$$EnhancerBySpringCGLIB$$36aced5a] is not eligible for getting processed by all BeanPostProcessors (for example: not eligible for auto-proxying)
2018-11-15 10:49:07.544  INFO 5048 --- [main] o.s.b.w.embedded.tomcat.TomcatWebServer  : Tomcat initialized with port(s): 8080 (http)
2018-11-15 10:49:07.568  INFO 5048 --- [main] o.apache.catalina.core.StandardService   : Starting service [Tomcat]
2018-11-15 10:49:07.569  INFO 5048 --- [main] org.apache.catalina.core.StandardEngine  : Starting Servlet Engine: Apache Tomcat/8.5.31
2018-11-15 10:49:07.572  INFO 5048 --- [localhost-startStop-1] o.a.catalina.core.AprLifecycleListener   : The APR based Apache Tomcat Native library which allows optimal performance in production environments was not found on the java.library.path: [/Users/huaishuo/Library/Java/Extensions:/Library/Java/Extensions:/Network/Library/Java/Extensions:/System/Library/Java/Extensions:/usr/lib/java:.]
2018-11-15 10:49:07.673  INFO 5048 --- [localhost-startStop-1] o.a.c.c.C.[Tomcat].[localhost].[/]       : Initializing Spring embedded WebApplicationContext
2018-11-15 10:49:07.674  INFO 5048 --- [localhost-startStop-1] o.s.web.context.ContextLoader            : Root WebApplicationContext: initialization completed in 1295 ms
2018-11-15 10:49:07.780  INFO 5048 --- [localhost-startStop-1] o.s.b.w.servlet.ServletRegistrationBean  : Servlet dispatcherServlet mapped to [/]
2018-11-15 10:49:07.784  INFO 5048 --- [localhost-startStop-1] o.s.b.w.servlet.FilterRegistrationBean   : Mapping filter: 'characterEncodingFilter' to: [/*]
2018-11-15 10:49:07.784  INFO 5048 --- [localhost-startStop-1] o.s.b.w.servlet.FilterRegistrationBean   : Mapping filter: 'hiddenHttpMethodFilter' to: [/*]
2018-11-15 10:49:07.784  INFO 5048 --- [localhost-startStop-1] o.s.b.w.servlet.FilterRegistrationBean   : Mapping filter: 'httpPutFormContentFilter' to: [/*]
2018-11-15 10:49:07.784  INFO 5048 --- [localhost-startStop-1] o.s.b.w.servlet.FilterRegistrationBean   : Mapping filter: 'requestContextFilter' to: [/*]
2018-11-15 10:49:07.912  INFO 5048 --- [main] com.zaxxer.hikari.HikariDataSource       : HikariPool-1 - Starting...
2018-11-15 10:49:08.333  INFO 5048 --- [main] com.zaxxer.hikari.HikariDataSource       : HikariPool-1 - Start completed.
2018-11-15 10:49:08.370  INFO 5048 --- [main] j.LocalContainerEntityManagerFactoryBean : Building JPA container EntityManagerFactory for persistence unit 'default'
2018-11-15 10:49:08.381  INFO 5048 --- [main] o.hibernate.jpa.internal.util.LogHelper  : HHH000204: Processing PersistenceUnitInfo [
	name: default
	...]
2018-11-15 10:49:08.434  INFO 5048 --- [main] org.hibernate.Version                    : HHH000412: Hibernate Core {5.2.17.Final}
2018-11-15 10:49:08.435  INFO 5048 --- [main] org.hibernate.cfg.Environment            : HHH000206: hibernate.properties not found
2018-11-15 10:49:08.469  INFO 5048 --- [main] o.hibernate.annotations.common.Version   : HCANN000001: Hibernate Commons Annotations {5.0.1.Final}
2018-11-15 10:49:08.555  INFO 5048 --- [main] org.hibernate.dialect.Dialect            : HHH000400: Using dialect: org.hibernate.dialect.MySQL5Dialect
2018-11-15 10:49:09.012  INFO 5048 --- [main] j.LocalContainerEntityManagerFactoryBean : Initialized JPA EntityManagerFactory for persistence unit 'default'
2018-11-15 10:49:09.444  INFO 5048 --- [main] o.s.w.s.handler.SimpleUrlHandlerMapping  : Mapped URL path [/**/favicon.ico] onto handler of type [class org.springframework.web.servlet.resource.ResourceHttpRequestHandler]
2018-11-15 10:49:09.661  INFO 5048 --- [main] s.w.s.m.m.a.RequestMappingHandlerAdapter : Looking for @ControllerAdvice: org.springframework.boot.web.servlet.context.AnnotationConfigServletWebServerApplicationContext@1139b2f3: startup date [Thu Nov 15 10:49:06 CST 2018]; root of context hierarchy
2018-11-15 10:49:09.688  WARN 5048 --- [main] aWebConfiguration$JpaWebMvcConfiguration : spring.jpa.open-in-view is enabled by default. Therefore, database queries may be performed during view rendering. Explicitly configure spring.jpa.open-in-view to disable this warning
2018-11-15 10:49:09.715  INFO 5048 --- [main] s.w.s.m.m.a.RequestMappingHandlerMapping : Mapped "{[/sql/test/readTables],methods=[GET]}" onto public java.lang.Object site.binghai.core.controller.SqlTest.readTables(java.lang.Long,java.lang.String)
2018-11-15 10:49:09.719  INFO 5048 --- [main] s.w.s.m.m.a.RequestMappingHandlerMapping : Mapped "{[/error]}" onto public org.springframework.http.ResponseEntity<java.util.Map<java.lang.String, java.lang.Object>> org.springframework.boot.autoconfigure.web.servlet.error.BasicErrorController.error(javax.servlet.http.HttpServletRequest)
2018-11-15 10:49:09.719  INFO 5048 --- [main] s.w.s.m.m.a.RequestMappingHandlerMapping : Mapped "{[/error],produces=[text/html]}" onto public org.springframework.web.servlet.ModelAndView org.springframework.boot.autoconfigure.web.servlet.error.BasicErrorController.errorHtml(javax.servlet.http.HttpServletRequest,javax.servlet.http.HttpServletResponse)
2018-11-15 10:49:09.746  INFO 5048 --- [main] o.s.w.s.handler.SimpleUrlHandlerMapping  : Mapped URL path [/webjars/**] onto handler of type [class org.springframework.web.servlet.resource.ResourceHttpRequestHandler]
2018-11-15 10:49:09.746  INFO 5048 --- [main] o.s.w.s.handler.SimpleUrlHandlerMapping  : Mapped URL path [/**] onto handler of type [class org.springframework.web.servlet.resource.ResourceHttpRequestHandler]
2018-11-15 10:49:09.801  WARN 5048 --- [main] ion$DefaultTemplateResolverConfiguration : Cannot find template location: classpath:/templates/ (please add some templates or check your Thymeleaf configuration)
2018-11-15 10:49:09.804  WARN 5048 --- [main] org.thymeleaf.templatemode.TemplateMode  : [THYMELEAF][main] Template Mode 'LEGACYHTML5' is deprecated. Using Template Mode 'HTML' instead.
2018-11-15 10:49:10.111  INFO 5048 --- [main] o.s.j.e.a.AnnotationMBeanExporter        : Registering beans for JMX exposure on startup
2018-11-15 10:49:10.113  INFO 5048 --- [main] o.s.j.e.a.AnnotationMBeanExporter        : Bean with name 'dataSource' has been autodetected for JMX exposure
2018-11-15 10:49:10.118  INFO 5048 --- [main] o.s.j.e.a.AnnotationMBeanExporter        : Located MBean 'dataSource': registering with JMX server as MBean [com.zaxxer.hikari:name=dataSource,type=HikariDataSource]
2018-11-15 10:49:10.162  INFO 5048 --- [main] o.s.b.w.embedded.tomcat.TomcatWebServer  : Tomcat started on port(s): 8080 (http) with context path ''
2018-11-15 10:49:10.167  INFO 5048 --- [main] site.binghai.App                         : Started App in 4.393 seconds (JVM running for 4.949)
2018-11-15 10:49:22.339  INFO 5048 --- [http-nio-8080-exec-1] o.a.c.c.C.[Tomcat].[localhost].[/]       : Initializing Spring FrameworkServlet 'dispatcherServlet'
2018-11-15 10:49:22.339  INFO 5048 --- [http-nio-8080-exec-1] o.s.web.servlet.DispatcherServlet        : FrameworkServlet 'dispatcherServlet': initialization started
2018-11-15 10:49:22.360  INFO 5048 --- [http-nio-8080-exec-1] o.s.web.servlet.DispatcherServlet        : FrameworkServlet 'dispatcherServlet': initialization completed in 20 ms
2018-11-15 10:49:22.442  INFO 5048 --- [http-nio-8080-exec-1] s.binghai.core.core.impl.ClientManager   : ConnConfig(id=1, driveType=MYSQL, host=127.0.0.1, port=3306, dbName=dayu, user=root, pass=binghaiadmin, extraCfg=null, coding=null, name=dayu) reload data at 2018-11-15 10:49:22
2018-11-15 10:49:29.941  INFO 5048 --- [http-nio-8080-exec-2] s.binghai.core.core.impl.ClientManager   : ConnConfig(id=1, driveType=MYSQL, host=127.0.0.1, port=3306, dbName=dayu, user=root, pass=binghaiadmin, extraCfg=null, coding=null, name=dayu) reload data at 2018-11-15 10:49:29
2018-11-15 10:50:02.056  INFO 5048 --- [Thread-12] ConfigServletWebServerApplicationContext : Closing org.springframework.boot.web.servlet.context.AnnotationConfigServletWebServerApplicationContext@1139b2f3: startup date [Thu Nov 15 10:49:06 CST 2018]; root of context hierarchy
2018-11-15 10:50:02.058  INFO 5048 --- [Thread-12] o.s.j.e.a.AnnotationMBeanExporter        : Unregistering JMX-exposed beans on shutdown
2018-11-15 10:50:02.059  INFO 5048 --- [Thread-12] o.s.j.e.a.AnnotationMBeanExporter        : Unregistering JMX-exposed beans
2018-11-15 10:50:02.060  INFO 5048 --- [Thread-12] j.LocalContainerEntityManagerFactoryBean : Closing JPA EntityManagerFactory for persistence unit 'default'
2018-11-15 10:50:02.061  INFO 5048 --- [Thread-12] com.zaxxer.hikari.HikariDataSource       : HikariPool-1 - Shutdown initiated...
2018-11-15 10:50:02.065  INFO 5048 --- [Thread-12] com.zaxxer.hikari.HikariDataSource       : HikariPool-1 - Shutdown completed.
2018-11-15 13:38:42.133  INFO 6216 --- [main] site.binghai.App                         : Starting App on MacBook-Pro-9.local with PID 6216 (/Users/huaishuo/IdeaProjects/bomb/app/target/classes started by huaishuo in /Users/huaishuo/IdeaProjects/bomb)
2018-11-15 13:38:42.139  INFO 6216 --- [main] site.binghai.App                         : No active profile set, falling back to default profiles: default
2018-11-15 13:38:42.429  INFO 6216 --- [main] ConfigServletWebServerApplicationContext : Refreshing org.springframework.boot.web.servlet.context.AnnotationConfigServletWebServerApplicationContext@766653e6: startup date [Thu Nov 15 13:38:42 CST 2018]; root of context hierarchy
2018-11-15 13:38:43.573  INFO 6216 --- [main] trationDelegate$BeanPostProcessorChecker : Bean 'org.springframework.transaction.annotation.ProxyTransactionManagementConfiguration' of type [org.springframework.transaction.annotation.ProxyTransactionManagementConfiguration$$EnhancerBySpringCGLIB$$d469fe68] is not eligible for getting processed by all BeanPostProcessors (for example: not eligible for auto-proxying)
2018-11-15 13:38:43.854  INFO 6216 --- [main] o.s.b.w.embedded.tomcat.TomcatWebServer  : Tomcat initialized with port(s): 8080 (http)
2018-11-15 13:38:43.881  INFO 6216 --- [main] o.apache.catalina.core.StandardService   : Starting service [Tomcat]
2018-11-15 13:38:43.881  INFO 6216 --- [main] org.apache.catalina.core.StandardEngine  : Starting Servlet Engine: Apache Tomcat/8.5.31
2018-11-15 13:38:43.886  INFO 6216 --- [localhost-startStop-1] o.a.catalina.core.AprLifecycleListener   : The APR based Apache Tomcat Native library which allows optimal performance in production environments was not found on the java.library.path: [/Users/huaishuo/Library/Java/Extensions:/Library/Java/Extensions:/Network/Library/Java/Extensions:/System/Library/Java/Extensions:/usr/lib/java:.]
2018-11-15 13:38:43.998  INFO 6216 --- [localhost-startStop-1] o.a.c.c.C.[Tomcat].[localhost].[/]       : Initializing Spring embedded WebApplicationContext
2018-11-15 13:38:43.998  INFO 6216 --- [localhost-startStop-1] o.s.web.context.ContextLoader            : Root WebApplicationContext: initialization completed in 1570 ms
2018-11-15 13:38:44.131  INFO 6216 --- [localhost-startStop-1] o.s.b.w.servlet.ServletRegistrationBean  : Servlet dispatcherServlet mapped to [/]
2018-11-15 13:38:44.137  INFO 6216 --- [localhost-startStop-1] o.s.b.w.servlet.FilterRegistrationBean   : Mapping filter: 'characterEncodingFilter' to: [/*]
2018-11-15 13:38:44.137  INFO 6216 --- [localhost-startStop-1] o.s.b.w.servlet.FilterRegistrationBean   : Mapping filter: 'hiddenHttpMethodFilter' to: [/*]
2018-11-15 13:38:44.137  INFO 6216 --- [localhost-startStop-1] o.s.b.w.servlet.FilterRegistrationBean   : Mapping filter: 'httpPutFormContentFilter' to: [/*]
2018-11-15 13:38:44.138  INFO 6216 --- [localhost-startStop-1] o.s.b.w.servlet.FilterRegistrationBean   : Mapping filter: 'requestContextFilter' to: [/*]
2018-11-15 13:38:44.286  INFO 6216 --- [main] com.zaxxer.hikari.HikariDataSource       : HikariPool-1 - Starting...
2018-11-15 13:38:44.753  INFO 6216 --- [main] com.zaxxer.hikari.HikariDataSource       : HikariPool-1 - Start completed.
2018-11-15 13:38:44.796  INFO 6216 --- [main] j.LocalContainerEntityManagerFactoryBean : Building JPA container EntityManagerFactory for persistence unit 'default'
2018-11-15 13:38:44.808  INFO 6216 --- [main] o.hibernate.jpa.internal.util.LogHelper  : HHH000204: Processing PersistenceUnitInfo [
	name: default
	...]
2018-11-15 13:38:44.872  INFO 6216 --- [main] org.hibernate.Version                    : HHH000412: Hibernate Core {5.2.17.Final}
2018-11-15 13:38:44.874  INFO 6216 --- [main] org.hibernate.cfg.Environment            : HHH000206: hibernate.properties not found
2018-11-15 13:38:44.914  INFO 6216 --- [main] o.hibernate.annotations.common.Version   : HCANN000001: Hibernate Commons Annotations {5.0.1.Final}
2018-11-15 13:38:45.025  INFO 6216 --- [main] org.hibernate.dialect.Dialect            : HHH000400: Using dialect: org.hibernate.dialect.MySQL5Dialect
2018-11-15 13:38:45.559  INFO 6216 --- [main] j.LocalContainerEntityManagerFactoryBean : Initialized JPA EntityManagerFactory for persistence unit 'default'
2018-11-15 13:38:46.053  INFO 6216 --- [main] o.s.w.s.handler.SimpleUrlHandlerMapping  : Mapped URL path [/**/favicon.ico] onto handler of type [class org.springframework.web.servlet.resource.ResourceHttpRequestHandler]
2018-11-15 13:38:46.308  INFO 6216 --- [main] s.w.s.m.m.a.RequestMappingHandlerAdapter : Looking for @ControllerAdvice: org.springframework.boot.web.servlet.context.AnnotationConfigServletWebServerApplicationContext@766653e6: startup date [Thu Nov 15 13:38:42 CST 2018]; root of context hierarchy
2018-11-15 13:38:46.341  WARN 6216 --- [main] aWebConfiguration$JpaWebMvcConfiguration : spring.jpa.open-in-view is enabled by default. Therefore, database queries may be performed during view rendering. Explicitly configure spring.jpa.open-in-view to disable this warning
2018-11-15 13:38:46.376  INFO 6216 --- [main] s.w.s.m.m.a.RequestMappingHandlerMapping : Mapped "{[/sql/test/readTables],methods=[GET]}" onto public java.lang.Object site.binghai.core.controller.SqlTest.readTables(java.lang.Long,java.lang.String)
2018-11-15 13:38:46.377  INFO 6216 --- [main] s.w.s.m.m.a.RequestMappingHandlerMapping : Mapped "{[/sql/test/tableCloumn],methods=[GET]}" onto public java.lang.Object site.binghai.core.controller.SqlTest.tableCloumn(java.lang.Long,java.lang.String)
2018-11-15 13:38:46.379  INFO 6216 --- [main] s.w.s.m.m.a.RequestMappingHandlerMapping : Mapped "{[/error]}" onto public org.springframework.http.ResponseEntity<java.util.Map<java.lang.String, java.lang.Object>> org.springframework.boot.autoconfigure.web.servlet.error.BasicErrorController.error(javax.servlet.http.HttpServletRequest)
2018-11-15 13:38:46.380  INFO 6216 --- [main] s.w.s.m.m.a.RequestMappingHandlerMapping : Mapped "{[/error],produces=[text/html]}" onto public org.springframework.web.servlet.ModelAndView org.springframework.boot.autoconfigure.web.servlet.error.BasicErrorController.errorHtml(javax.servlet.http.HttpServletRequest,javax.servlet.http.HttpServletResponse)
2018-11-15 13:38:46.414  INFO 6216 --- [main] o.s.w.s.handler.SimpleUrlHandlerMapping  : Mapped URL path [/webjars/**] onto handler of type [class org.springframework.web.servlet.resource.ResourceHttpRequestHandler]
2018-11-15 13:38:46.414  INFO 6216 --- [main] o.s.w.s.handler.SimpleUrlHandlerMapping  : Mapped URL path [/**] onto handler of type [class org.springframework.web.servlet.resource.ResourceHttpRequestHandler]
2018-11-15 13:38:46.482  WARN 6216 --- [main] ion$DefaultTemplateResolverConfiguration : Cannot find template location: classpath:/templates/ (please add some templates or check your Thymeleaf configuration)
2018-11-15 13:38:46.486  WARN 6216 --- [main] org.thymeleaf.templatemode.TemplateMode  : [THYMELEAF][main] Template Mode 'LEGACYHTML5' is deprecated. Using Template Mode 'HTML' instead.
2018-11-15 13:38:46.870  INFO 6216 --- [main] o.s.j.e.a.AnnotationMBeanExporter        : Registering beans for JMX exposure on startup
2018-11-15 13:38:46.872  INFO 6216 --- [main] o.s.j.e.a.AnnotationMBeanExporter        : Bean with name 'dataSource' has been autodetected for JMX exposure
2018-11-15 13:38:46.878  INFO 6216 --- [main] o.s.j.e.a.AnnotationMBeanExporter        : Located MBean 'dataSource': registering with JMX server as MBean [com.zaxxer.hikari:name=dataSource,type=HikariDataSource]
2018-11-15 13:38:46.926  INFO 6216 --- [main] o.s.b.w.embedded.tomcat.TomcatWebServer  : Tomcat started on port(s): 8080 (http) with context path ''
2018-11-15 13:38:46.930  INFO 6216 --- [main] site.binghai.App                         : Started App in 5.211 seconds (JVM running for 5.972)
2018-11-15 13:39:09.156  INFO 6216 --- [http-nio-8080-exec-1] o.a.c.c.C.[Tomcat].[localhost].[/]       : Initializing Spring FrameworkServlet 'dispatcherServlet'
2018-11-15 13:39:09.156  INFO 6216 --- [http-nio-8080-exec-1] o.s.web.servlet.DispatcherServlet        : FrameworkServlet 'dispatcherServlet': initialization started
2018-11-15 13:39:09.176  INFO 6216 --- [http-nio-8080-exec-1] o.s.web.servlet.DispatcherServlet        : FrameworkServlet 'dispatcherServlet': initialization completed in 19 ms
2018-11-15 13:39:09.257  INFO 6216 --- [http-nio-8080-exec-1] s.binghai.core.core.impl.ClientManager   : ConnConfig(id=1, driveType=MYSQL, host=127.0.0.1, port=3306, dbName=dayu, user=root, pass=binghaiadmin, extraCfg=null, coding=null, name=dayu) reload data at 2018-11-15 13:39:09
2018-11-15 13:39:09.272 ERROR 6216 --- [http-nio-8080-exec-1] site.binghai.core.controller.SqlTest     : table [unified_order] not found
2018-11-15 13:39:31.577  INFO 6216 --- [http-nio-8080-exec-3] s.binghai.core.core.impl.ClientManager   : ConnConfig(id=1, driveType=MYSQL, host=127.0.0.1, port=3306, dbName=dayu, user=root, pass=binghaiadmin, extraCfg=null, coding=null, name=dayu) reload data at 2018-11-15 13:39:31
2018-11-15 13:40:04.196  WARN 6216 --- [HikariPool-1 housekeeper] com.zaxxer.hikari.pool.HikariPool        : HikariPool-1 - Thread starvation or clock leap detected (housekeeper delta=49s337ms).
2018-11-15 13:40:06.745 ERROR 6216 --- [http-nio-8080-exec-3] site.binghai.core.controller.SqlTest     : table [unified_order] not found
2018-11-15 13:40:08.281  INFO 6216 --- [Thread-14] ConfigServletWebServerApplicationContext : Closing org.springframework.boot.web.servlet.context.AnnotationConfigServletWebServerApplicationContext@766653e6: startup date [Thu Nov 15 13:38:42 CST 2018]; root of context hierarchy
2018-11-15 13:40:08.283  INFO 6216 --- [Thread-14] o.s.j.e.a.AnnotationMBeanExporter        : Unregistering JMX-exposed beans on shutdown
2018-11-15 13:40:08.284  INFO 6216 --- [Thread-14] o.s.j.e.a.AnnotationMBeanExporter        : Unregistering JMX-exposed beans
2018-11-15 13:40:08.285  INFO 6216 --- [Thread-14] j.LocalContainerEntityManagerFactoryBean : Closing JPA EntityManagerFactory for persistence unit 'default'
2018-11-15 13:40:08.286  INFO 6216 --- [Thread-14] com.zaxxer.hikari.HikariDataSource       : HikariPool-1 - Shutdown initiated...
2018-11-15 13:40:08.290  INFO 6216 --- [Thread-14] com.zaxxer.hikari.HikariDataSource       : HikariPool-1 - Shutdown completed.
2018-11-15 13:40:11.412  INFO 6233 --- [main] site.binghai.App                         : Starting App on MacBook-Pro-9.local with PID 6233 (/Users/huaishuo/IdeaProjects/bomb/app/target/classes started by huaishuo in /Users/huaishuo/IdeaProjects/bomb)
2018-11-15 13:40:11.419  INFO 6233 --- [main] site.binghai.App                         : No active profile set, falling back to default profiles: default
2018-11-15 13:40:11.684  INFO 6233 --- [main] ConfigServletWebServerApplicationContext : Refreshing org.springframework.boot.web.servlet.context.AnnotationConfigServletWebServerApplicationContext@1bab8268: startup date [Thu Nov 15 13:40:11 CST 2018]; root of context hierarchy
2018-11-15 13:40:12.761  INFO 6233 --- [main] trationDelegate$BeanPostProcessorChecker : Bean 'org.springframework.transaction.annotation.ProxyTransactionManagementConfiguration' of type [org.springframework.transaction.annotation.ProxyTransactionManagementConfiguration$$EnhancerBySpringCGLIB$$867e7fdd] is not eligible for getting processed by all BeanPostProcessors (for example: not eligible for auto-proxying)
2018-11-15 13:40:13.044  INFO 6233 --- [main] o.s.b.w.embedded.tomcat.TomcatWebServer  : Tomcat initialized with port(s): 8080 (http)
2018-11-15 13:40:13.067  INFO 6233 --- [main] o.apache.catalina.core.StandardService   : Starting service [Tomcat]
2018-11-15 13:40:13.067  INFO 6233 --- [main] org.apache.catalina.core.StandardEngine  : Starting Servlet Engine: Apache Tomcat/8.5.31
2018-11-15 13:40:13.071  INFO 6233 --- [localhost-startStop-1] o.a.catalina.core.AprLifecycleListener   : The APR based Apache Tomcat Native library which allows optimal performance in production environments was not found on the java.library.path: [/Users/huaishuo/Library/Java/Extensions:/Library/Java/Extensions:/Network/Library/Java/Extensions:/System/Library/Java/Extensions:/usr/lib/java:.]
2018-11-15 13:40:13.189  INFO 6233 --- [localhost-startStop-1] o.a.c.c.C.[Tomcat].[localhost].[/]       : Initializing Spring embedded WebApplicationContext
2018-11-15 13:40:13.189  INFO 6233 --- [localhost-startStop-1] o.s.web.context.ContextLoader            : Root WebApplicationContext: initialization completed in 1505 ms
2018-11-15 13:40:13.343  INFO 6233 --- [localhost-startStop-1] o.s.b.w.servlet.ServletRegistrationBean  : Servlet dispatcherServlet mapped to [/]
2018-11-15 13:40:13.348  INFO 6233 --- [localhost-startStop-1] o.s.b.w.servlet.FilterRegistrationBean   : Mapping filter: 'characterEncodingFilter' to: [/*]
2018-11-15 13:40:13.349  INFO 6233 --- [localhost-startStop-1] o.s.b.w.servlet.FilterRegistrationBean   : Mapping filter: 'hiddenHttpMethodFilter' to: [/*]
2018-11-15 13:40:13.349  INFO 6233 --- [localhost-startStop-1] o.s.b.w.servlet.FilterRegistrationBean   : Mapping filter: 'httpPutFormContentFilter' to: [/*]
2018-11-15 13:40:13.349  INFO 6233 --- [localhost-startStop-1] o.s.b.w.servlet.FilterRegistrationBean   : Mapping filter: 'requestContextFilter' to: [/*]
2018-11-15 13:40:13.490  INFO 6233 --- [main] com.zaxxer.hikari.HikariDataSource       : HikariPool-1 - Starting...
2018-11-15 13:40:13.944  INFO 6233 --- [main] com.zaxxer.hikari.HikariDataSource       : HikariPool-1 - Start completed.
2018-11-15 13:40:13.987  INFO 6233 --- [main] j.LocalContainerEntityManagerFactoryBean : Building JPA container EntityManagerFactory for persistence unit 'default'
2018-11-15 13:40:13.999  INFO 6233 --- [main] o.hibernate.jpa.internal.util.LogHelper  : HHH000204: Processing PersistenceUnitInfo [
	name: default
	...]
2018-11-15 13:40:14.061  INFO 6233 --- [main] org.hibernate.Version                    : HHH000412: Hibernate Core {5.2.17.Final}
2018-11-15 13:40:14.062  INFO 6233 --- [main] org.hibernate.cfg.Environment            : HHH000206: hibernate.properties not found
2018-11-15 13:40:14.103  INFO 6233 --- [main] o.hibernate.annotations.common.Version   : HCANN000001: Hibernate Commons Annotations {5.0.1.Final}
2018-11-15 13:40:14.219  INFO 6233 --- [main] org.hibernate.dialect.Dialect            : HHH000400: Using dialect: org.hibernate.dialect.MySQL5Dialect
2018-11-15 13:40:14.717  INFO 6233 --- [main] j.LocalContainerEntityManagerFactoryBean : Initialized JPA EntityManagerFactory for persistence unit 'default'
2018-11-15 13:40:15.252  INFO 6233 --- [main] o.s.w.s.handler.SimpleUrlHandlerMapping  : Mapped URL path [/**/favicon.ico] onto handler of type [class org.springframework.web.servlet.resource.ResourceHttpRequestHandler]
2018-11-15 13:40:15.548  INFO 6233 --- [main] s.w.s.m.m.a.RequestMappingHandlerAdapter : Looking for @ControllerAdvice: org.springframework.boot.web.servlet.context.AnnotationConfigServletWebServerApplicationContext@1bab8268: startup date [Thu Nov 15 13:40:11 CST 2018]; root of context hierarchy
2018-11-15 13:40:15.588  WARN 6233 --- [main] aWebConfiguration$JpaWebMvcConfiguration : spring.jpa.open-in-view is enabled by default. Therefore, database queries may be performed during view rendering. Explicitly configure spring.jpa.open-in-view to disable this warning
2018-11-15 13:40:15.623  INFO 6233 --- [main] s.w.s.m.m.a.RequestMappingHandlerMapping : Mapped "{[/sql/test/readTables],methods=[GET]}" onto public java.lang.Object site.binghai.core.controller.SqlTest.readTables(java.lang.Long,java.lang.String)
2018-11-15 13:40:15.624  INFO 6233 --- [main] s.w.s.m.m.a.RequestMappingHandlerMapping : Mapped "{[/sql/test/tableCloumn],methods=[GET]}" onto public java.lang.Object site.binghai.core.controller.SqlTest.tableCloumn(java.lang.Long,java.lang.String)
2018-11-15 13:40:15.626  INFO 6233 --- [main] s.w.s.m.m.a.RequestMappingHandlerMapping : Mapped "{[/error]}" onto public org.springframework.http.ResponseEntity<java.util.Map<java.lang.String, java.lang.Object>> org.springframework.boot.autoconfigure.web.servlet.error.BasicErrorController.error(javax.servlet.http.HttpServletRequest)
2018-11-15 13:40:15.627  INFO 6233 --- [main] s.w.s.m.m.a.RequestMappingHandlerMapping : Mapped "{[/error],produces=[text/html]}" onto public org.springframework.web.servlet.ModelAndView org.springframework.boot.autoconfigure.web.servlet.error.BasicErrorController.errorHtml(javax.servlet.http.HttpServletRequest,javax.servlet.http.HttpServletResponse)
2018-11-15 13:40:15.657  INFO 6233 --- [main] o.s.w.s.handler.SimpleUrlHandlerMapping  : Mapped URL path [/webjars/**] onto handler of type [class org.springframework.web.servlet.resource.ResourceHttpRequestHandler]
2018-11-15 13:40:15.657  INFO 6233 --- [main] o.s.w.s.handler.SimpleUrlHandlerMapping  : Mapped URL path [/**] onto handler of type [class org.springframework.web.servlet.resource.ResourceHttpRequestHandler]
2018-11-15 13:40:15.713  WARN 6233 --- [main] ion$DefaultTemplateResolverConfiguration : Cannot find template location: classpath:/templates/ (please add some templates or check your Thymeleaf configuration)
2018-11-15 13:40:15.717  WARN 6233 --- [main] org.thymeleaf.templatemode.TemplateMode  : [THYMELEAF][main] Template Mode 'LEGACYHTML5' is deprecated. Using Template Mode 'HTML' instead.
2018-11-15 13:40:16.040  INFO 6233 --- [main] o.s.j.e.a.AnnotationMBeanExporter        : Registering beans for JMX exposure on startup
2018-11-15 13:40:16.042  INFO 6233 --- [main] o.s.j.e.a.AnnotationMBeanExporter        : Bean with name 'dataSource' has been autodetected for JMX exposure
2018-11-15 13:40:16.049  INFO 6233 --- [main] o.s.j.e.a.AnnotationMBeanExporter        : Located MBean 'dataSource': registering with JMX server as MBean [com.zaxxer.hikari:name=dataSource,type=HikariDataSource]
2018-11-15 13:40:16.096  INFO 6233 --- [main] o.s.b.w.embedded.tomcat.TomcatWebServer  : Tomcat started on port(s): 8080 (http) with context path ''
2018-11-15 13:40:16.099  INFO 6233 --- [main] site.binghai.App                         : Started App in 5.096 seconds (JVM running for 5.791)
2018-11-15 13:40:23.633  INFO 6233 --- [http-nio-8080-exec-1] o.a.c.c.C.[Tomcat].[localhost].[/]       : Initializing Spring FrameworkServlet 'dispatcherServlet'
2018-11-15 13:40:23.633  INFO 6233 --- [http-nio-8080-exec-1] o.s.web.servlet.DispatcherServlet        : FrameworkServlet 'dispatcherServlet': initialization started
2018-11-15 13:40:23.651  INFO 6233 --- [http-nio-8080-exec-1] o.s.web.servlet.DispatcherServlet        : FrameworkServlet 'dispatcherServlet': initialization completed in 18 ms
2018-11-15 13:40:23.729  INFO 6233 --- [http-nio-8080-exec-1] s.binghai.core.core.impl.ClientManager   : ConnConfig(id=1, driveType=MYSQL, host=127.0.0.1, port=3306, dbName=dayu, user=root, pass=binghaiadmin, extraCfg=null, coding=null, name=dayu) reload data at 2018-11-15 13:40:23
2018-11-15 13:40:23.743 ERROR 6233 --- [http-nio-8080-exec-1] site.binghai.core.controller.SqlTest     : table [unified_order] not found
2018-11-15 13:40:32.267  INFO 6233 --- [http-nio-8080-exec-3] s.binghai.core.core.impl.ClientManager   : ConnConfig(id=1, driveType=MYSQL, host=127.0.0.1, port=3306, dbName=dayu, user=root, pass=binghaiadmin, extraCfg=null, coding=null, name=dayu) reload data at 2018-11-15 13:40:32
2018-11-15 13:41:52.535 ERROR 6233 --- [http-nio-8080-exec-3] site.binghai.core.controller.SqlTest     : table [unified_order] not found
2018-11-15 13:42:07.054  INFO 6233 --- [http-nio-8080-exec-6] s.binghai.core.core.impl.ClientManager   : ConnConfig(id=1, driveType=MYSQL, host=127.0.0.1, port=3306, dbName=dayu, user=root, pass=binghaiadmin, extraCfg=null, coding=null, name=dayu) reload data at 2018-11-15 13:42:07
2018-11-15 13:42:49.096 ERROR 6233 --- [http-nio-8080-exec-6] site.binghai.core.controller.SqlTest     : table [unified_order] not found
2018-11-15 13:42:49.148  INFO 6233 --- [Thread-14] ConfigServletWebServerApplicationContext : Closing org.springframework.boot.web.servlet.context.AnnotationConfigServletWebServerApplicationContext@1bab8268: startup date [Thu Nov 15 13:40:11 CST 2018]; root of context hierarchy
2018-11-15 13:42:49.151  INFO 6233 --- [Thread-14] o.s.j.e.a.AnnotationMBeanExporter        : Unregistering JMX-exposed beans on shutdown
2018-11-15 13:42:49.152  INFO 6233 --- [Thread-14] o.s.j.e.a.AnnotationMBeanExporter        : Unregistering JMX-exposed beans
2018-11-15 13:42:49.155  INFO 6233 --- [Thread-14] j.LocalContainerEntityManagerFactoryBean : Closing JPA EntityManagerFactory for persistence unit 'default'
2018-11-15 13:42:49.156  INFO 6233 --- [Thread-14] com.zaxxer.hikari.HikariDataSource       : HikariPool-1 - Shutdown initiated...
2018-11-15 13:42:49.163  INFO 6233 --- [Thread-14] com.zaxxer.hikari.HikariDataSource       : HikariPool-1 - Shutdown completed.
2018-11-15 16:30:41.594  INFO 8905 --- [main] site.binghai.App                         : Starting App on MacBook-Pro-9.local with PID 8905 (/Users/huaishuo/IdeaProjects/bomb/app/target/classes started by huaishuo in /Users/huaishuo/IdeaProjects/bomb)
2018-11-15 16:30:41.599  INFO 8905 --- [main] site.binghai.App                         : No active profile set, falling back to default profiles: default
2018-11-15 16:30:41.888  INFO 8905 --- [main] ConfigServletWebServerApplicationContext : Refreshing org.springframework.boot.web.servlet.context.AnnotationConfigServletWebServerApplicationContext@48ae9b55: startup date [Thu Nov 15 16:30:41 CST 2018]; root of context hierarchy
2018-11-15 16:30:42.918  INFO 8905 --- [main] trationDelegate$BeanPostProcessorChecker : Bean 'org.springframework.transaction.annotation.ProxyTransactionManagementConfiguration' of type [org.springframework.transaction.annotation.ProxyTransactionManagementConfiguration$$EnhancerBySpringCGLIB$$d91627e8] is not eligible for getting processed by all BeanPostProcessors (for example: not eligible for auto-proxying)
2018-11-15 16:30:43.185  INFO 8905 --- [main] o.s.b.w.embedded.tomcat.TomcatWebServer  : Tomcat initialized with port(s): 8080 (http)
2018-11-15 16:30:43.208  INFO 8905 --- [main] o.apache.catalina.core.StandardService   : Starting service [Tomcat]
2018-11-15 16:30:43.209  INFO 8905 --- [main] org.apache.catalina.core.StandardEngine  : Starting Servlet Engine: Apache Tomcat/8.5.31
2018-11-15 16:30:43.213  INFO 8905 --- [localhost-startStop-1] o.a.catalina.core.AprLifecycleListener   : The APR based Apache Tomcat Native library which allows optimal performance in production environments was not found on the java.library.path: [/Users/huaishuo/Library/Java/Extensions:/Library/Java/Extensions:/Network/Library/Java/Extensions:/System/Library/Java/Extensions:/usr/lib/java:.]
2018-11-15 16:30:43.366  INFO 8905 --- [localhost-startStop-1] o.a.c.c.C.[Tomcat].[localhost].[/]       : Initializing Spring embedded WebApplicationContext
2018-11-15 16:30:43.367  INFO 8905 --- [localhost-startStop-1] o.s.web.context.ContextLoader            : Root WebApplicationContext: initialization completed in 1480 ms
2018-11-15 16:30:43.546  INFO 8905 --- [localhost-startStop-1] o.s.b.w.servlet.ServletRegistrationBean  : Servlet dispatcherServlet mapped to [/]
2018-11-15 16:30:43.553  INFO 8905 --- [localhost-startStop-1] o.s.b.w.servlet.FilterRegistrationBean   : Mapping filter: 'characterEncodingFilter' to: [/*]
2018-11-15 16:30:43.554  INFO 8905 --- [localhost-startStop-1] o.s.b.w.servlet.FilterRegistrationBean   : Mapping filter: 'hiddenHttpMethodFilter' to: [/*]
2018-11-15 16:30:43.554  INFO 8905 --- [localhost-startStop-1] o.s.b.w.servlet.FilterRegistrationBean   : Mapping filter: 'httpPutFormContentFilter' to: [/*]
2018-11-15 16:30:43.554  INFO 8905 --- [localhost-startStop-1] o.s.b.w.servlet.FilterRegistrationBean   : Mapping filter: 'requestContextFilter' to: [/*]
2018-11-15 16:30:43.904  INFO 8905 --- [main] com.zaxxer.hikari.HikariDataSource       : HikariPool-1 - Starting...
2018-11-15 16:30:44.371  INFO 8905 --- [main] com.zaxxer.hikari.HikariDataSource       : HikariPool-1 - Start completed.
2018-11-15 16:30:44.413  INFO 8905 --- [main] j.LocalContainerEntityManagerFactoryBean : Building JPA container EntityManagerFactory for persistence unit 'default'
2018-11-15 16:30:44.427  INFO 8905 --- [main] o.hibernate.jpa.internal.util.LogHelper  : HHH000204: Processing PersistenceUnitInfo [
	name: default
	...]
2018-11-15 16:30:44.503  INFO 8905 --- [main] org.hibernate.Version                    : HHH000412: Hibernate Core {5.2.17.Final}
2018-11-15 16:30:44.504  INFO 8905 --- [main] org.hibernate.cfg.Environment            : HHH000206: hibernate.properties not found
2018-11-15 16:30:44.551  INFO 8905 --- [main] o.hibernate.annotations.common.Version   : HCANN000001: Hibernate Commons Annotations {5.0.1.Final}
2018-11-15 16:30:44.661  INFO 8905 --- [main] org.hibernate.dialect.Dialect            : HHH000400: Using dialect: org.hibernate.dialect.MySQL5Dialect
2018-11-15 16:30:45.185  INFO 8905 --- [main] j.LocalContainerEntityManagerFactoryBean : Initialized JPA EntityManagerFactory for persistence unit 'default'
2018-11-15 16:30:45.631  INFO 8905 --- [main] o.s.w.s.handler.SimpleUrlHandlerMapping  : Mapped URL path [/**/favicon.ico] onto handler of type [class org.springframework.web.servlet.resource.ResourceHttpRequestHandler]
2018-11-15 16:30:45.845  INFO 8905 --- [main] s.w.s.m.m.a.RequestMappingHandlerAdapter : Looking for @ControllerAdvice: org.springframework.boot.web.servlet.context.AnnotationConfigServletWebServerApplicationContext@48ae9b55: startup date [Thu Nov 15 16:30:41 CST 2018]; root of context hierarchy
2018-11-15 16:30:45.876  WARN 8905 --- [main] aWebConfiguration$JpaWebMvcConfiguration : spring.jpa.open-in-view is enabled by default. Therefore, database queries may be performed during view rendering. Explicitly configure spring.jpa.open-in-view to disable this warning
2018-11-15 16:30:45.908  INFO 8905 --- [main] s.w.s.m.m.a.RequestMappingHandlerMapping : Mapped "{[/sql/test/readTables],methods=[GET]}" onto public java.lang.Object site.binghai.core.controller.SqlTest.readTables(java.lang.Long,java.lang.String)
2018-11-15 16:30:45.909  INFO 8905 --- [main] s.w.s.m.m.a.RequestMappingHandlerMapping : Mapped "{[/sql/test/tableCloumn],methods=[GET]}" onto public java.lang.Object site.binghai.core.controller.SqlTest.tableCloumn(java.lang.Long,java.lang.String)
2018-11-15 16:30:45.912  INFO 8905 --- [main] s.w.s.m.m.a.RequestMappingHandlerMapping : Mapped "{[/error]}" onto public org.springframework.http.ResponseEntity<java.util.Map<java.lang.String, java.lang.Object>> org.springframework.boot.autoconfigure.web.servlet.error.BasicErrorController.error(javax.servlet.http.HttpServletRequest)
2018-11-15 16:30:45.912  INFO 8905 --- [main] s.w.s.m.m.a.RequestMappingHandlerMapping : Mapped "{[/error],produces=[text/html]}" onto public org.springframework.web.servlet.ModelAndView org.springframework.boot.autoconfigure.web.servlet.error.BasicErrorController.errorHtml(javax.servlet.http.HttpServletRequest,javax.servlet.http.HttpServletResponse)
2018-11-15 16:30:45.936  INFO 8905 --- [main] o.s.w.s.handler.SimpleUrlHandlerMapping  : Mapped URL path [/webjars/**] onto handler of type [class org.springframework.web.servlet.resource.ResourceHttpRequestHandler]
2018-11-15 16:30:45.936  INFO 8905 --- [main] o.s.w.s.handler.SimpleUrlHandlerMapping  : Mapped URL path [/**] onto handler of type [class org.springframework.web.servlet.resource.ResourceHttpRequestHandler]
2018-11-15 16:30:45.982  WARN 8905 --- [main] ion$DefaultTemplateResolverConfiguration : Cannot find template location: classpath:/templates/ (please add some templates or check your Thymeleaf configuration)
2018-11-15 16:30:45.985  WARN 8905 --- [main] org.thymeleaf.templatemode.TemplateMode  : [THYMELEAF][main] Template Mode 'LEGACYHTML5' is deprecated. Using Template Mode 'HTML' instead.
2018-11-15 16:30:46.684  INFO 8905 --- [main] o.s.j.e.a.AnnotationMBeanExporter        : Registering beans for JMX exposure on startup
2018-11-15 16:30:46.686  INFO 8905 --- [main] o.s.j.e.a.AnnotationMBeanExporter        : Bean with name 'dataSource' has been autodetected for JMX exposure
2018-11-15 16:30:46.692  INFO 8905 --- [main] o.s.j.e.a.AnnotationMBeanExporter        : Located MBean 'dataSource': registering with JMX server as MBean [com.zaxxer.hikari:name=dataSource,type=HikariDataSource]
2018-11-15 16:30:46.771  INFO 8905 --- [main] o.s.b.w.embedded.tomcat.TomcatWebServer  : Tomcat started on port(s): 8080 (http) with context path ''
2018-11-15 16:30:46.776  INFO 8905 --- [main] site.binghai.App                         : Started App in 5.601 seconds (JVM running for 6.516)
2018-11-15 16:31:44.453  INFO 8905 --- [http-nio-8080-exec-1] o.a.c.c.C.[Tomcat].[localhost].[/]       : Initializing Spring FrameworkServlet 'dispatcherServlet'
2018-11-15 16:31:44.453  INFO 8905 --- [http-nio-8080-exec-1] o.s.web.servlet.DispatcherServlet        : FrameworkServlet 'dispatcherServlet': initialization started
2018-11-15 16:31:44.475  INFO 8905 --- [http-nio-8080-exec-1] o.s.web.servlet.DispatcherServlet        : FrameworkServlet 'dispatcherServlet': initialization completed in 21 ms
2018-11-15 16:31:44.572  INFO 8905 --- [http-nio-8080-exec-1] s.binghai.core.core.impl.ClientManager   : ConnConfig(id=1, driveType=MYSQL, host=127.0.0.1, port=3306, dbName=dayu, user=root, pass=binghaiadmin, extraCfg=null, coding=null, name=dayu) reload data at 2018-11-15 16:31:44
2018-11-15 16:31:49.719  INFO 8905 --- [http-nio-8080-exec-3] s.binghai.core.core.impl.ClientManager   : ConnConfig(id=1, driveType=MYSQL, host=127.0.0.1, port=3306, dbName=dayu, user=root, pass=binghaiadmin, extraCfg=null, coding=null, name=dayu) reload data at 2018-11-15 16:31:49
2018-11-15 16:31:51.584  INFO 8905 --- [http-nio-8080-exec-5] s.binghai.core.core.impl.ClientManager   : ConnConfig(id=1, driveType=MYSQL, host=127.0.0.1, port=3306, dbName=dayu, user=root, pass=binghaiadmin, extraCfg=null, coding=null, name=dayu) reload data at 2018-11-15 16:31:51
2018-11-15 16:31:52.265  INFO 8905 --- [http-nio-8080-exec-7] s.binghai.core.core.impl.ClientManager   : ConnConfig(id=1, driveType=MYSQL, host=127.0.0.1, port=3306, dbName=dayu, user=root, pass=binghaiadmin, extraCfg=null, coding=null, name=dayu) reload data at 2018-11-15 16:31:52
2018-11-15 16:32:00.664  INFO 8905 --- [Thread-7] ConfigServletWebServerApplicationContext : Closing org.springframework.boot.web.servlet.context.AnnotationConfigServletWebServerApplicationContext@48ae9b55: startup date [Thu Nov 15 16:30:41 CST 2018]; root of context hierarchy
2018-11-15 16:32:00.666  INFO 8905 --- [Thread-7] o.s.j.e.a.AnnotationMBeanExporter        : Unregistering JMX-exposed beans on shutdown
2018-11-15 16:32:00.667  INFO 8905 --- [Thread-7] o.s.j.e.a.AnnotationMBeanExporter        : Unregistering JMX-exposed beans
2018-11-15 16:32:00.668  INFO 8905 --- [Thread-7] j.LocalContainerEntityManagerFactoryBean : Closing JPA EntityManagerFactory for persistence unit 'default'
2018-11-15 16:32:00.668  INFO 8905 --- [Thread-7] com.zaxxer.hikari.HikariDataSource       : HikariPool-1 - Shutdown initiated...
2018-11-15 16:32:00.672  INFO 8905 --- [Thread-7] com.zaxxer.hikari.HikariDataSource       : HikariPool-1 - Shutdown completed.
2018-11-15 16:32:10.610  INFO 8926 --- [main] site.binghai.App                         : Starting App on MacBook-Pro-9.local with PID 8926 (/Users/huaishuo/IdeaProjects/bomb/app/target/classes started by huaishuo in /Users/huaishuo/IdeaProjects/bomb)
2018-11-15 16:32:10.614  INFO 8926 --- [main] site.binghai.App                         : No active profile set, falling back to default profiles: default
2018-11-15 16:32:10.885  INFO 8926 --- [main] ConfigServletWebServerApplicationContext : Refreshing org.springframework.boot.web.servlet.context.AnnotationConfigServletWebServerApplicationContext@4e07b95f: startup date [Thu Nov 15 16:32:10 CST 2018]; root of context hierarchy
2018-11-15 16:32:11.947  INFO 8926 --- [main] trationDelegate$BeanPostProcessorChecker : Bean 'org.springframework.transaction.annotation.ProxyTransactionManagementConfiguration' of type [org.springframework.transaction.annotation.ProxyTransactionManagementConfiguration$$EnhancerBySpringCGLIB$$edcd8655] is not eligible for getting processed by all BeanPostProcessors (for example: not eligible for auto-proxying)
2018-11-15 16:32:12.224  INFO 8926 --- [main] o.s.b.w.embedded.tomcat.TomcatWebServer  : Tomcat initialized with port(s): 8080 (http)
2018-11-15 16:32:12.247  INFO 8926 --- [main] o.apache.catalina.core.StandardService   : Starting service [Tomcat]
2018-11-15 16:32:12.247  INFO 8926 --- [main] org.apache.catalina.core.StandardEngine  : Starting Servlet Engine: Apache Tomcat/8.5.31
2018-11-15 16:32:12.252  INFO 8926 --- [localhost-startStop-1] o.a.catalina.core.AprLifecycleListener   : The APR based Apache Tomcat Native library which allows optimal performance in production environments was not found on the java.library.path: [/Users/huaishuo/Library/Java/Extensions:/Library/Java/Extensions:/Network/Library/Java/Extensions:/System/Library/Java/Extensions:/usr/lib/java:.]
2018-11-15 16:32:12.370  INFO 8926 --- [localhost-startStop-1] o.a.c.c.C.[Tomcat].[localhost].[/]       : Initializing Spring embedded WebApplicationContext
2018-11-15 16:32:12.371  INFO 8926 --- [localhost-startStop-1] o.s.web.context.ContextLoader            : Root WebApplicationContext: initialization completed in 1487 ms
2018-11-15 16:32:12.516  INFO 8926 --- [localhost-startStop-1] o.s.b.w.servlet.ServletRegistrationBean  : Servlet dispatcherServlet mapped to [/]
2018-11-15 16:32:12.521  INFO 8926 --- [localhost-startStop-1] o.s.b.w.servlet.FilterRegistrationBean   : Mapping filter: 'characterEncodingFilter' to: [/*]
2018-11-15 16:32:12.522  INFO 8926 --- [localhost-startStop-1] o.s.b.w.servlet.FilterRegistrationBean   : Mapping filter: 'hiddenHttpMethodFilter' to: [/*]
2018-11-15 16:32:12.522  INFO 8926 --- [localhost-startStop-1] o.s.b.w.servlet.FilterRegistrationBean   : Mapping filter: 'httpPutFormContentFilter' to: [/*]
2018-11-15 16:32:12.522  INFO 8926 --- [localhost-startStop-1] o.s.b.w.servlet.FilterRegistrationBean   : Mapping filter: 'requestContextFilter' to: [/*]
2018-11-15 16:32:12.668  INFO 8926 --- [main] com.zaxxer.hikari.HikariDataSource       : HikariPool-1 - Starting...
2018-11-15 16:32:13.169  INFO 8926 --- [main] com.zaxxer.hikari.HikariDataSource       : HikariPool-1 - Start completed.
2018-11-15 16:32:13.212  INFO 8926 --- [main] j.LocalContainerEntityManagerFactoryBean : Building JPA container EntityManagerFactory for persistence unit 'default'
2018-11-15 16:32:13.224  INFO 8926 --- [main] o.hibernate.jpa.internal.util.LogHelper  : HHH000204: Processing PersistenceUnitInfo [
	name: default
	...]
2018-11-15 16:32:13.288  INFO 8926 --- [main] org.hibernate.Version                    : HHH000412: Hibernate Core {5.2.17.Final}
2018-11-15 16:32:13.289  INFO 8926 --- [main] org.hibernate.cfg.Environment            : HHH000206: hibernate.properties not found
2018-11-15 16:32:13.330  INFO 8926 --- [main] o.hibernate.annotations.common.Version   : HCANN000001: Hibernate Commons Annotations {5.0.1.Final}
2018-11-15 16:32:13.443  INFO 8926 --- [main] org.hibernate.dialect.Dialect            : HHH000400: Using dialect: org.hibernate.dialect.MySQL5Dialect
2018-11-15 16:32:14.005  INFO 8926 --- [main] j.LocalContainerEntityManagerFactoryBean : Initialized JPA EntityManagerFactory for persistence unit 'default'
2018-11-15 16:32:14.571  INFO 8926 --- [main] o.s.w.s.handler.SimpleUrlHandlerMapping  : Mapped URL path [/**/favicon.ico] onto handler of type [class org.springframework.web.servlet.resource.ResourceHttpRequestHandler]
2018-11-15 16:32:14.829  INFO 8926 --- [main] s.w.s.m.m.a.RequestMappingHandlerAdapter : Looking for @ControllerAdvice: org.springframework.boot.web.servlet.context.AnnotationConfigServletWebServerApplicationContext@4e07b95f: startup date [Thu Nov 15 16:32:10 CST 2018]; root of context hierarchy
2018-11-15 16:32:14.861  WARN 8926 --- [main] aWebConfiguration$JpaWebMvcConfiguration : spring.jpa.open-in-view is enabled by default. Therefore, database queries may be performed during view rendering. Explicitly configure spring.jpa.open-in-view to disable this warning
2018-11-15 16:32:14.898  INFO 8926 --- [main] s.w.s.m.m.a.RequestMappingHandlerMapping : Mapped "{[/sql/test/readTables],methods=[GET]}" onto public java.lang.Object site.binghai.core.controller.SqlTest.readTables(java.lang.Long,java.lang.String)
2018-11-15 16:32:14.899  INFO 8926 --- [main] s.w.s.m.m.a.RequestMappingHandlerMapping : Mapped "{[/sql/test/tableCloumn],methods=[GET]}" onto public java.lang.Object site.binghai.core.controller.SqlTest.tableCloumn(java.lang.Long,java.lang.String)
2018-11-15 16:32:14.901  INFO 8926 --- [main] s.w.s.m.m.a.RequestMappingHandlerMapping : Mapped "{[/error]}" onto public org.springframework.http.ResponseEntity<java.util.Map<java.lang.String, java.lang.Object>> org.springframework.boot.autoconfigure.web.servlet.error.BasicErrorController.error(javax.servlet.http.HttpServletRequest)
2018-11-15 16:32:14.902  INFO 8926 --- [main] s.w.s.m.m.a.RequestMappingHandlerMapping : Mapped "{[/error],produces=[text/html]}" onto public org.springframework.web.servlet.ModelAndView org.springframework.boot.autoconfigure.web.servlet.error.BasicErrorController.errorHtml(javax.servlet.http.HttpServletRequest,javax.servlet.http.HttpServletResponse)
2018-11-15 16:32:14.932  INFO 8926 --- [main] o.s.w.s.handler.SimpleUrlHandlerMapping  : Mapped URL path [/webjars/**] onto handler of type [class org.springframework.web.servlet.resource.ResourceHttpRequestHandler]
2018-11-15 16:32:14.932  INFO 8926 --- [main] o.s.w.s.handler.SimpleUrlHandlerMapping  : Mapped URL path [/**] onto handler of type [class org.springframework.web.servlet.resource.ResourceHttpRequestHandler]
2018-11-15 16:32:14.990  WARN 8926 --- [main] ion$DefaultTemplateResolverConfiguration : Cannot find template location: classpath:/templates/ (please add some templates or check your Thymeleaf configuration)
2018-11-15 16:32:14.994  WARN 8926 --- [main] org.thymeleaf.templatemode.TemplateMode  : [THYMELEAF][main] Template Mode 'LEGACYHTML5' is deprecated. Using Template Mode 'HTML' instead.
2018-11-15 16:32:15.413  INFO 8926 --- [main] o.s.j.e.a.AnnotationMBeanExporter        : Registering beans for JMX exposure on startup
2018-11-15 16:32:15.425  INFO 8926 --- [main] o.s.j.e.a.AnnotationMBeanExporter        : Bean with name 'dataSource' has been autodetected for JMX exposure
2018-11-15 16:32:15.431  INFO 8926 --- [main] o.s.j.e.a.AnnotationMBeanExporter        : Located MBean 'dataSource': registering with JMX server as MBean [com.zaxxer.hikari:name=dataSource,type=HikariDataSource]
2018-11-15 16:32:15.480  INFO 8926 --- [main] o.s.b.w.embedded.tomcat.TomcatWebServer  : Tomcat started on port(s): 8080 (http) with context path ''
2018-11-15 16:32:15.484  INFO 8926 --- [main] site.binghai.App                         : Started App in 5.366 seconds (JVM running for 6.586)
2018-11-15 16:32:34.302  INFO 8926 --- [http-nio-8080-exec-1] o.a.c.c.C.[Tomcat].[localhost].[/]       : Initializing Spring FrameworkServlet 'dispatcherServlet'
2018-11-15 16:32:34.302  INFO 8926 --- [http-nio-8080-exec-1] o.s.web.servlet.DispatcherServlet        : FrameworkServlet 'dispatcherServlet': initialization started
2018-11-15 16:32:34.322  INFO 8926 --- [http-nio-8080-exec-1] o.s.web.servlet.DispatcherServlet        : FrameworkServlet 'dispatcherServlet': initialization completed in 20 ms
2018-11-15 16:32:37.346  INFO 8926 --- [http-nio-8080-exec-1] s.binghai.core.core.impl.ClientManager   : ConnConfig(id=1, driveType=MYSQL, host=127.0.0.1, port=3306, dbName=dayu, user=root, pass=binghaiadmin, extraCfg=null, coding=null, name=dayu) reload data at 2018-11-15 16:32:37
2018-11-15 16:33:05.303  INFO 8926 --- [http-nio-8080-exec-4] s.binghai.core.core.impl.ClientManager   : ConnConfig(id=1, driveType=MYSQL, host=127.0.0.1, port=3306, dbName=dayu, user=root, pass=binghaiadmin, extraCfg=null, coding=null, name=dayu) reload data at 2018-11-15 16:33:05
2018-11-15 16:34:29.846  WARN 8926 --- [HikariPool-1 housekeeper] com.zaxxer.hikari.pool.HikariPool        : HikariPool-1 - Thread starvation or clock leap detected (housekeeper delta=53s245ms).
2018-11-15 16:34:46.215  INFO 8926 --- [http-nio-8080-exec-7] s.binghai.core.core.impl.ClientManager   : ConnConfig(id=1, driveType=MYSQL, host=127.0.0.1, port=3306, dbName=dayu, user=root, pass=binghaiadmin, extraCfg=null, coding=null, name=dayu) reload data at 2018-11-15 16:34:46
2018-11-15 16:35:10.236  INFO 8926 --- [Thread-14] ConfigServletWebServerApplicationContext : Closing org.springframework.boot.web.servlet.context.AnnotationConfigServletWebServerApplicationContext@4e07b95f: startup date [Thu Nov 15 16:32:10 CST 2018]; root of context hierarchy
2018-11-15 16:35:10.239  INFO 8926 --- [Thread-14] o.s.j.e.a.AnnotationMBeanExporter        : Unregistering JMX-exposed beans on shutdown
2018-11-15 16:35:10.240  INFO 8926 --- [Thread-14] o.s.j.e.a.AnnotationMBeanExporter        : Unregistering JMX-exposed beans
2018-11-15 16:35:10.241  INFO 8926 --- [Thread-14] j.LocalContainerEntityManagerFactoryBean : Closing JPA EntityManagerFactory for persistence unit 'default'
2018-11-15 16:35:10.242  INFO 8926 --- [Thread-14] com.zaxxer.hikari.HikariDataSource       : HikariPool-1 - Shutdown initiated...
2018-11-15 16:35:10.247  INFO 8926 --- [Thread-14] com.zaxxer.hikari.HikariDataSource       : HikariPool-1 - Shutdown completed.
2018-11-15 16:36:42.816  INFO 8969 --- [main] site.binghai.App                         : Starting App on MacBook-Pro-9.local with PID 8969 (/Users/huaishuo/IdeaProjects/bomb/app/target/classes started by huaishuo in /Users/huaishuo/IdeaProjects/bomb)
2018-11-15 16:36:42.820  INFO 8969 --- [main] site.binghai.App                         : No active profile set, falling back to default profiles: default
2018-11-15 16:36:43.172  INFO 8969 --- [main] ConfigServletWebServerApplicationContext : Refreshing org.springframework.boot.web.servlet.context.AnnotationConfigServletWebServerApplicationContext@42a15bdc: startup date [Thu Nov 15 16:36:43 CST 2018]; root of context hierarchy
2018-11-15 16:36:44.512  INFO 8969 --- [main] trationDelegate$BeanPostProcessorChecker : Bean 'org.springframework.transaction.annotation.ProxyTransactionManagementConfiguration' of type [org.springframework.transaction.annotation.ProxyTransactionManagementConfiguration$$EnhancerBySpringCGLIB$$4765af9b] is not eligible for getting processed by all BeanPostProcessors (for example: not eligible for auto-proxying)
2018-11-15 16:36:44.818  INFO 8969 --- [main] o.s.b.w.embedded.tomcat.TomcatWebServer  : Tomcat initialized with port(s): 8080 (http)
2018-11-15 16:36:44.846  INFO 8969 --- [main] o.apache.catalina.core.StandardService   : Starting service [Tomcat]
2018-11-15 16:36:44.846  INFO 8969 --- [main] org.apache.catalina.core.StandardEngine  : Starting Servlet Engine: Apache Tomcat/8.5.31
2018-11-15 16:36:44.851  INFO 8969 --- [localhost-startStop-1] o.a.catalina.core.AprLifecycleListener   : The APR based Apache Tomcat Native library which allows optimal performance in production environments was not found on the java.library.path: [/Users/huaishuo/Library/Java/Extensions:/Library/Java/Extensions:/Network/Library/Java/Extensions:/System/Library/Java/Extensions:/usr/lib/java:.]
2018-11-15 16:36:44.966  INFO 8969 --- [localhost-startStop-1] o.a.c.c.C.[Tomcat].[localhost].[/]       : Initializing Spring embedded WebApplicationContext
2018-11-15 16:36:44.967  INFO 8969 --- [localhost-startStop-1] o.s.web.context.ContextLoader            : Root WebApplicationContext: initialization completed in 1795 ms
2018-11-15 16:36:45.152  INFO 8969 --- [localhost-startStop-1] o.s.b.w.servlet.ServletRegistrationBean  : Servlet dispatcherServlet mapped to [/]
2018-11-15 16:36:45.158  INFO 8969 --- [localhost-startStop-1] o.s.b.w.servlet.FilterRegistrationBean   : Mapping filter: 'characterEncodingFilter' to: [/*]
2018-11-15 16:36:45.159  INFO 8969 --- [localhost-startStop-1] o.s.b.w.servlet.FilterRegistrationBean   : Mapping filter: 'hiddenHttpMethodFilter' to: [/*]
2018-11-15 16:36:45.159  INFO 8969 --- [localhost-startStop-1] o.s.b.w.servlet.FilterRegistrationBean   : Mapping filter: 'httpPutFormContentFilter' to: [/*]
2018-11-15 16:36:45.159  INFO 8969 --- [localhost-startStop-1] o.s.b.w.servlet.FilterRegistrationBean   : Mapping filter: 'requestContextFilter' to: [/*]
2018-11-15 16:36:45.333  INFO 8969 --- [main] com.zaxxer.hikari.HikariDataSource       : HikariPool-1 - Starting...
2018-11-15 16:36:45.935  INFO 8969 --- [main] com.zaxxer.hikari.HikariDataSource       : HikariPool-1 - Start completed.
2018-11-15 16:36:45.987  INFO 8969 --- [main] j.LocalContainerEntityManagerFactoryBean : Building JPA container EntityManagerFactory for persistence unit 'default'
2018-11-15 16:36:46.002  INFO 8969 --- [main] o.hibernate.jpa.internal.util.LogHelper  : HHH000204: Processing PersistenceUnitInfo [
	name: default
	...]
2018-11-15 16:36:46.111  INFO 8969 --- [main] org.hibernate.Version                    : HHH000412: Hibernate Core {5.2.17.Final}
2018-11-15 16:36:46.114  INFO 8969 --- [main] org.hibernate.cfg.Environment            : HHH000206: hibernate.properties not found
2018-11-15 16:36:46.168  INFO 8969 --- [main] o.hibernate.annotations.common.Version   : HCANN000001: Hibernate Commons Annotations {5.0.1.Final}
2018-11-15 16:36:46.317  INFO 8969 --- [main] org.hibernate.dialect.Dialect            : HHH000400: Using dialect: org.hibernate.dialect.MySQL5Dialect
2018-11-15 16:36:47.041  INFO 8969 --- [main] j.LocalContainerEntityManagerFactoryBean : Initialized JPA EntityManagerFactory for persistence unit 'default'
2018-11-15 16:36:47.735  INFO 8969 --- [main] o.s.w.s.handler.SimpleUrlHandlerMapping  : Mapped URL path [/**/favicon.ico] onto handler of type [class org.springframework.web.servlet.resource.ResourceHttpRequestHandler]
2018-11-15 16:36:48.032  INFO 8969 --- [main] s.w.s.m.m.a.RequestMappingHandlerAdapter : Looking for @ControllerAdvice: org.springframework.boot.web.servlet.context.AnnotationConfigServletWebServerApplicationContext@42a15bdc: startup date [Thu Nov 15 16:36:43 CST 2018]; root of context hierarchy
2018-11-15 16:36:48.083  WARN 8969 --- [main] aWebConfiguration$JpaWebMvcConfiguration : spring.jpa.open-in-view is enabled by default. Therefore, database queries may be performed during view rendering. Explicitly configure spring.jpa.open-in-view to disable this warning
2018-11-15 16:36:48.132  INFO 8969 --- [main] s.w.s.m.m.a.RequestMappingHandlerMapping : Mapped "{[/sql/test/readTables],methods=[GET]}" onto public java.lang.Object site.binghai.core.controller.SqlTest.readTables(java.lang.Long,java.lang.String)
2018-11-15 16:36:48.134  INFO 8969 --- [main] s.w.s.m.m.a.RequestMappingHandlerMapping : Mapped "{[/sql/test/tableCloumn],methods=[GET]}" onto public java.lang.Object site.binghai.core.controller.SqlTest.tableCloumn(java.lang.Long,java.lang.String)
2018-11-15 16:36:48.137  INFO 8969 --- [main] s.w.s.m.m.a.RequestMappingHandlerMapping : Mapped "{[/error]}" onto public org.springframework.http.ResponseEntity<java.util.Map<java.lang.String, java.lang.Object>> org.springframework.boot.autoconfigure.web.servlet.error.BasicErrorController.error(javax.servlet.http.HttpServletRequest)
2018-11-15 16:36:48.138  INFO 8969 --- [main] s.w.s.m.m.a.RequestMappingHandlerMapping : Mapped "{[/error],produces=[text/html]}" onto public org.springframework.web.servlet.ModelAndView org.springframework.boot.autoconfigure.web.servlet.error.BasicErrorController.errorHtml(javax.servlet.http.HttpServletRequest,javax.servlet.http.HttpServletResponse)
2018-11-15 16:36:48.183  INFO 8969 --- [main] o.s.w.s.handler.SimpleUrlHandlerMapping  : Mapped URL path [/webjars/**] onto handler of type [class org.springframework.web.servlet.resource.ResourceHttpRequestHandler]
2018-11-15 16:36:48.184  INFO 8969 --- [main] o.s.w.s.handler.SimpleUrlHandlerMapping  : Mapped URL path [/**] onto handler of type [class org.springframework.web.servlet.resource.ResourceHttpRequestHandler]
2018-11-15 16:36:48.286  WARN 8969 --- [main] ion$DefaultTemplateResolverConfiguration : Cannot find template location: classpath:/templates/ (please add some templates or check your Thymeleaf configuration)
2018-11-15 16:36:48.293  WARN 8969 --- [main] org.thymeleaf.templatemode.TemplateMode  : [THYMELEAF][main] Template Mode 'LEGACYHTML5' is deprecated. Using Template Mode 'HTML' instead.
2018-11-15 16:36:48.818  INFO 8969 --- [main] o.s.j.e.a.AnnotationMBeanExporter        : Registering beans for JMX exposure on startup
2018-11-15 16:36:48.820  INFO 8969 --- [main] o.s.j.e.a.AnnotationMBeanExporter        : Bean with name 'dataSource' has been autodetected for JMX exposure
2018-11-15 16:36:48.827  INFO 8969 --- [main] o.s.j.e.a.AnnotationMBeanExporter        : Located MBean 'dataSource': registering with JMX server as MBean [com.zaxxer.hikari:name=dataSource,type=HikariDataSource]
2018-11-15 16:36:48.882  INFO 8969 --- [main] o.s.b.w.embedded.tomcat.TomcatWebServer  : Tomcat started on port(s): 8080 (http) with context path ''
2018-11-15 16:36:48.886  INFO 8969 --- [main] site.binghai.App                         : Started App in 6.714 seconds (JVM running for 7.43)
2018-11-15 16:40:03.018  INFO 8969 --- [http-nio-8080-exec-1] o.a.c.c.C.[Tomcat].[localhost].[/]       : Initializing Spring FrameworkServlet 'dispatcherServlet'
2018-11-15 16:40:03.018  INFO 8969 --- [http-nio-8080-exec-1] o.s.web.servlet.DispatcherServlet        : FrameworkServlet 'dispatcherServlet': initialization started
2018-11-15 16:40:03.037  INFO 8969 --- [http-nio-8080-exec-1] o.s.web.servlet.DispatcherServlet        : FrameworkServlet 'dispatcherServlet': initialization completed in 19 ms
2018-11-15 16:40:03.120  INFO 8969 --- [http-nio-8080-exec-1] s.binghai.core.core.impl.ClientManager   : ConnConfig(id=1, driveType=MYSQL, host=127.0.0.1, port=3306, dbName=dayu, user=root, pass=binghaiadmin, extraCfg=null, coding=null, name=dayu) reload data at 2018-11-15 16:40:03
2018-11-15 16:40:07.041  INFO 8969 --- [http-nio-8080-exec-3] s.binghai.core.core.impl.ClientManager   : ConnConfig(id=1, driveType=MYSQL, host=127.0.0.1, port=3306, dbName=dayu, user=root, pass=binghaiadmin, extraCfg=null, coding=null, name=dayu) reload data at 2018-11-15 16:40:07
2018-11-15 16:40:07.516  INFO 8969 --- [http-nio-8080-exec-5] s.binghai.core.core.impl.ClientManager   : ConnConfig(id=1, driveType=MYSQL, host=127.0.0.1, port=3306, dbName=dayu, user=root, pass=binghaiadmin, extraCfg=null, coding=null, name=dayu) reload data at 2018-11-15 16:40:07
2018-11-15 16:40:11.240  INFO 8969 --- [http-nio-8080-exec-7] s.binghai.core.core.impl.ClientManager   : ConnConfig(id=1, driveType=MYSQL, host=127.0.0.1, port=3306, dbName=dayu, user=root, pass=binghaiadmin, extraCfg=null, coding=null, name=dayu) reload data at 2018-11-15 16:40:11
2018-11-15 16:40:45.183  INFO 8969 --- [http-nio-8080-exec-10] s.binghai.core.core.impl.ClientManager   : ConnConfig(id=1, driveType=MYSQL, host=127.0.0.1, port=3306, dbName=dayu, user=root, pass=binghaiadmin, extraCfg=null, coding=null, name=dayu) reload data at 2018-11-15 16:40:45
2018-11-15 16:42:19.548  INFO 8969 --- [Thread-17] ConfigServletWebServerApplicationContext : Closing org.springframework.boot.web.servlet.context.AnnotationConfigServletWebServerApplicationContext@42a15bdc: startup date [Thu Nov 15 16:36:43 CST 2018]; root of context hierarchy
2018-11-15 16:42:19.551  INFO 8969 --- [Thread-17] o.s.j.e.a.AnnotationMBeanExporter        : Unregistering JMX-exposed beans on shutdown
2018-11-15 16:42:19.552  INFO 8969 --- [Thread-17] o.s.j.e.a.AnnotationMBeanExporter        : Unregistering JMX-exposed beans
2018-11-15 16:42:19.553  INFO 8969 --- [Thread-17] j.LocalContainerEntityManagerFactoryBean : Closing JPA EntityManagerFactory for persistence unit 'default'
2018-11-15 16:42:19.554  INFO 8969 --- [Thread-17] com.zaxxer.hikari.HikariDataSource       : HikariPool-1 - Shutdown initiated...
2018-11-15 16:42:19.563  INFO 8969 --- [Thread-17] com.zaxxer.hikari.HikariDataSource       : HikariPool-1 - Shutdown completed.
2018-11-15 16:42:23.078  INFO 9026 --- [main] site.binghai.App                         : Starting App on MacBook-Pro-9.local with PID 9026 (/Users/huaishuo/IdeaProjects/bomb/app/target/classes started by huaishuo in /Users/huaishuo/IdeaProjects/bomb)
2018-11-15 16:42:23.082  INFO 9026 --- [main] site.binghai.App                         : No active profile set, falling back to default profiles: default
2018-11-15 16:42:23.356  INFO 9026 --- [main] ConfigServletWebServerApplicationContext : Refreshing org.springframework.boot.web.servlet.context.AnnotationConfigServletWebServerApplicationContext@42530531: startup date [Thu Nov 15 16:42:23 CST 2018]; root of context hierarchy
2018-11-15 16:42:24.395  INFO 9026 --- [main] trationDelegate$BeanPostProcessorChecker : Bean 'org.springframework.transaction.annotation.ProxyTransactionManagementConfiguration' of type [org.springframework.transaction.annotation.ProxyTransactionManagementConfiguration$$EnhancerBySpringCGLIB$$2c5aced7] is not eligible for getting processed by all BeanPostProcessors (for example: not eligible for auto-proxying)
2018-11-15 16:42:24.682  INFO 9026 --- [main] o.s.b.w.embedded.tomcat.TomcatWebServer  : Tomcat initialized with port(s): 8080 (http)
2018-11-15 16:42:24.708  INFO 9026 --- [main] o.apache.catalina.core.StandardService   : Starting service [Tomcat]
2018-11-15 16:42:24.709  INFO 9026 --- [main] org.apache.catalina.core.StandardEngine  : Starting Servlet Engine: Apache Tomcat/8.5.31
2018-11-15 16:42:24.713  INFO 9026 --- [localhost-startStop-1] o.a.catalina.core.AprLifecycleListener   : The APR based Apache Tomcat Native library which allows optimal performance in production environments was not found on the java.library.path: [/Users/huaishuo/Library/Java/Extensions:/Library/Java/Extensions:/Network/Library/Java/Extensions:/System/Library/Java/Extensions:/usr/lib/java:.]
2018-11-15 16:42:24.832  INFO 9026 --- [localhost-startStop-1] o.a.c.c.C.[Tomcat].[localhost].[/]       : Initializing Spring embedded WebApplicationContext
2018-11-15 16:42:24.833  INFO 9026 --- [localhost-startStop-1] o.s.web.context.ContextLoader            : Root WebApplicationContext: initialization completed in 1476 ms
2018-11-15 16:42:24.956  INFO 9026 --- [localhost-startStop-1] o.s.b.w.servlet.ServletRegistrationBean  : Servlet dispatcherServlet mapped to [/]
2018-11-15 16:42:24.960  INFO 9026 --- [localhost-startStop-1] o.s.b.w.servlet.FilterRegistrationBean   : Mapping filter: 'characterEncodingFilter' to: [/*]
2018-11-15 16:42:24.961  INFO 9026 --- [localhost-startStop-1] o.s.b.w.servlet.FilterRegistrationBean   : Mapping filter: 'hiddenHttpMethodFilter' to: [/*]
2018-11-15 16:42:24.961  INFO 9026 --- [localhost-startStop-1] o.s.b.w.servlet.FilterRegistrationBean   : Mapping filter: 'httpPutFormContentFilter' to: [/*]
2018-11-15 16:42:24.961  INFO 9026 --- [localhost-startStop-1] o.s.b.w.servlet.FilterRegistrationBean   : Mapping filter: 'requestContextFilter' to: [/*]
2018-11-15 16:42:25.111  INFO 9026 --- [main] com.zaxxer.hikari.HikariDataSource       : HikariPool-1 - Starting...
2018-11-15 16:42:25.587  INFO 9026 --- [main] com.zaxxer.hikari.HikariDataSource       : HikariPool-1 - Start completed.
2018-11-15 16:42:25.631  INFO 9026 --- [main] j.LocalContainerEntityManagerFactoryBean : Building JPA container EntityManagerFactory for persistence unit 'default'
2018-11-15 16:42:25.644  INFO 9026 --- [main] o.hibernate.jpa.internal.util.LogHelper  : HHH000204: Processing PersistenceUnitInfo [
	name: default
	...]
2018-11-15 16:42:25.710  INFO 9026 --- [main] org.hibernate.Version                    : HHH000412: Hibernate Core {5.2.17.Final}
2018-11-15 16:42:25.712  INFO 9026 --- [main] org.hibernate.cfg.Environment            : HHH000206: hibernate.properties not found
2018-11-15 16:42:25.755  INFO 9026 --- [main] o.hibernate.annotations.common.Version   : HCANN000001: Hibernate Commons Annotations {5.0.1.Final}
2018-11-15 16:42:25.864  INFO 9026 --- [main] org.hibernate.dialect.Dialect            : HHH000400: Using dialect: org.hibernate.dialect.MySQL5Dialect
2018-11-15 16:42:26.396  INFO 9026 --- [main] j.LocalContainerEntityManagerFactoryBean : Initialized JPA EntityManagerFactory for persistence unit 'default'
2018-11-15 16:42:26.930  INFO 9026 --- [main] o.s.w.s.handler.SimpleUrlHandlerMapping  : Mapped URL path [/**/favicon.ico] onto handler of type [class org.springframework.web.servlet.resource.ResourceHttpRequestHandler]
2018-11-15 16:42:27.184  INFO 9026 --- [main] s.w.s.m.m.a.RequestMappingHandlerAdapter : Looking for @ControllerAdvice: org.springframework.boot.web.servlet.context.AnnotationConfigServletWebServerApplicationContext@42530531: startup date [Thu Nov 15 16:42:23 CST 2018]; root of context hierarchy
2018-11-15 16:42:27.217  WARN 9026 --- [main] aWebConfiguration$JpaWebMvcConfiguration : spring.jpa.open-in-view is enabled by default. Therefore, database queries may be performed during view rendering. Explicitly configure spring.jpa.open-in-view to disable this warning
2018-11-15 16:42:27.254  INFO 9026 --- [main] s.w.s.m.m.a.RequestMappingHandlerMapping : Mapped "{[/sql/test/readTables],methods=[GET]}" onto public java.lang.Object site.binghai.core.controller.SqlTest.readTables(java.lang.Long,java.lang.String)
2018-11-15 16:42:27.255  INFO 9026 --- [main] s.w.s.m.m.a.RequestMappingHandlerMapping : Mapped "{[/sql/test/tableCloumn],methods=[GET]}" onto public java.lang.Object site.binghai.core.controller.SqlTest.tableCloumn(java.lang.Long,java.lang.String)
2018-11-15 16:42:27.258  INFO 9026 --- [main] s.w.s.m.m.a.RequestMappingHandlerMapping : Mapped "{[/error]}" onto public org.springframework.http.ResponseEntity<java.util.Map<java.lang.String, java.lang.Object>> org.springframework.boot.autoconfigure.web.servlet.error.BasicErrorController.error(javax.servlet.http.HttpServletRequest)
2018-11-15 16:42:27.259  INFO 9026 --- [main] s.w.s.m.m.a.RequestMappingHandlerMapping : Mapped "{[/error],produces=[text/html]}" onto public org.springframework.web.servlet.ModelAndView org.springframework.boot.autoconfigure.web.servlet.error.BasicErrorController.errorHtml(javax.servlet.http.HttpServletRequest,javax.servlet.http.HttpServletResponse)
2018-11-15 16:42:27.296  INFO 9026 --- [main] o.s.w.s.handler.SimpleUrlHandlerMapping  : Mapped URL path [/webjars/**] onto handler of type [class org.springframework.web.servlet.resource.ResourceHttpRequestHandler]
2018-11-15 16:42:27.296  INFO 9026 --- [main] o.s.w.s.handler.SimpleUrlHandlerMapping  : Mapped URL path [/**] onto handler of type [class org.springframework.web.servlet.resource.ResourceHttpRequestHandler]
2018-11-15 16:42:27.371  WARN 9026 --- [main] ion$DefaultTemplateResolverConfiguration : Cannot find template location: classpath:/templates/ (please add some templates or check your Thymeleaf configuration)
2018-11-15 16:42:27.376  WARN 9026 --- [main] org.thymeleaf.templatemode.TemplateMode  : [THYMELEAF][main] Template Mode 'LEGACYHTML5' is deprecated. Using Template Mode 'HTML' instead.
2018-11-15 16:42:27.769  INFO 9026 --- [main] o.s.j.e.a.AnnotationMBeanExporter        : Registering beans for JMX exposure on startup
2018-11-15 16:42:27.770  INFO 9026 --- [main] o.s.j.e.a.AnnotationMBeanExporter        : Bean with name 'dataSource' has been autodetected for JMX exposure
2018-11-15 16:42:27.777  INFO 9026 --- [main] o.s.j.e.a.AnnotationMBeanExporter        : Located MBean 'dataSource': registering with JMX server as MBean [com.zaxxer.hikari:name=dataSource,type=HikariDataSource]
2018-11-15 16:42:27.828  INFO 9026 --- [main] o.s.b.w.embedded.tomcat.TomcatWebServer  : Tomcat started on port(s): 8080 (http) with context path ''
2018-11-15 16:42:27.832  INFO 9026 --- [main] site.binghai.App                         : Started App in 5.228 seconds (JVM running for 5.98)
2018-11-15 16:42:35.939  INFO 9026 --- [http-nio-8080-exec-1] o.a.c.c.C.[Tomcat].[localhost].[/]       : Initializing Spring FrameworkServlet 'dispatcherServlet'
2018-11-15 16:42:35.939  INFO 9026 --- [http-nio-8080-exec-1] o.s.web.servlet.DispatcherServlet        : FrameworkServlet 'dispatcherServlet': initialization started
2018-11-15 16:42:35.959  INFO 9026 --- [http-nio-8080-exec-1] o.s.web.servlet.DispatcherServlet        : FrameworkServlet 'dispatcherServlet': initialization completed in 20 ms
2018-11-15 16:42:36.040  INFO 9026 --- [http-nio-8080-exec-1] s.binghai.core.core.impl.ClientManager   : ConnConfig(id=1, driveType=MYSQL, host=127.0.0.1, port=3306, dbName=dayu, user=root, pass=binghaiadmin, extraCfg=null, coding=null, name=dayu) reload data at 2018-11-15 16:42:36
2018-11-15 16:43:02.399  INFO 9026 --- [http-nio-8080-exec-4] s.binghai.core.core.impl.ClientManager   : ConnConfig(id=1, driveType=MYSQL, host=127.0.0.1, port=3306, dbName=dayu, user=root, pass=binghaiadmin, extraCfg=null, coding=null, name=dayu) reload data at 2018-11-15 16:43:02
2018-11-15 16:43:20.668  INFO 9026 --- [Thread-14] ConfigServletWebServerApplicationContext : Closing org.springframework.boot.web.servlet.context.AnnotationConfigServletWebServerApplicationContext@42530531: startup date [Thu Nov 15 16:42:23 CST 2018]; root of context hierarchy
2018-11-15 16:43:20.670  INFO 9026 --- [Thread-14] o.s.j.e.a.AnnotationMBeanExporter        : Unregistering JMX-exposed beans on shutdown
2018-11-15 16:43:20.671  INFO 9026 --- [Thread-14] o.s.j.e.a.AnnotationMBeanExporter        : Unregistering JMX-exposed beans
2018-11-15 16:43:20.672  INFO 9026 --- [Thread-14] j.LocalContainerEntityManagerFactoryBean : Closing JPA EntityManagerFactory for persistence unit 'default'
2018-11-15 16:43:20.673  INFO 9026 --- [Thread-14] com.zaxxer.hikari.HikariDataSource       : HikariPool-1 - Shutdown initiated...
2018-11-15 16:43:20.679  INFO 9026 --- [Thread-14] com.zaxxer.hikari.HikariDataSource       : HikariPool-1 - Shutdown completed.
